Started by user [8mha:////4DbZC1UsXgjxkqApvfSysVeSK1YbDpnrOZRXj4b2klfHAAAAlx+LCAAAAAAAAP9b85aBtbiIQTGjNKU4P08vOT+vOD8nVc83PyU1x6OyILUoJzMv2y+/JJUBAhiZGBgqihhk0NSjKDWzXb3RdlLBUSYGJk8GtpzUvPSSDB8G5tKinBIGIZ+sxLJE/ZzEvHT94JKizLx0a6BxUmjGOUNodHsLgAzWEgZu/dLi1CL9xJTczDwAj6GcLcAAAAA=[0madmin
Running as SYSTEM
Building in workspace /var/jenkins_home/workspace/NodeJS example with DSL
The recommended git tool is: NONE
No credentials specified
 > git rev-parse --resolve-git-dir /var/jenkins_home/workspace/NodeJS example with DSL/.git # timeout=10
Fetching changes from the remote Git repository
 > git config remote.origin.url https://github.com/sushantbhatnagar/JenkinsCICD.git # timeout=10
Fetching upstream changes from https://github.com/sushantbhatnagar/JenkinsCICD.git
 > git --version # timeout=10
 > git --version # 'git version 2.30.2'
 > git fetch --tags --force --progress -- https://github.com/sushantbhatnagar/JenkinsCICD.git +refs/heads/*:refs/remotes/origin/* # timeout=10
Seen branch in repository origin/master
Seen 1 remote branch
 > git show-ref --tags -d # timeout=10
Checking out Revision ab6128aff1e7c2445024110cf6b578c3a8ecd09c (origin/master, refs/tags/jenkins-NodeJS_example_with_DSL-1)
 > git config core.sparsecheckout # timeout=10
 > git checkout -f ab6128aff1e7c2445024110cf6b578c3a8ecd09c # timeout=10
Commit message: "Renamed file"
 > git rev-list --no-walk ab6128aff1e7c2445024110cf6b578c3a8ecd09c # timeout=10
 > git tag -a -f -m Jenkins Build #2 jenkins-NodeJS_example_with_DSL-2 # timeout=10
[NodeJS example with DSL] $ /bin/sh -xe /tmp/jenkins13538663213231728491.sh
+ npm install
npm ERR! code ENOENT
npm ERR! syscall open
npm ERR! path /var/jenkins_home/workspace/NodeJS example with DSL/package.json
npm ERR! errno -2
npm ERR! enoent ENOENT: no such file or directory, open '/var/jenkins_home/workspace/NodeJS example with DSL/package.json'
npm ERR! enoent This is related to npm not being able to find a file.
npm ERR! enoent 

npm ERR! A complete log of this run can be found in:
npm ERR!     /var/jenkins_home/.npm/_logs/2021-09-18T10_22_38_364Z-debug.log
Build step 'Execute shell' marked build as failure
Finished: FAILURE
