Started by user [8mha:////4DbZC1UsXgjxkqApvfSysVeSK1YbDpnrOZRXj4b2klfHAAAAlx+LCAAAAAAAAP9b85aBtbiIQTGjNKU4P08vOT+vOD8nVc83PyU1x6OyILUoJzMv2y+/JJUBAhiZGBgqihhk0NSjKDWzXb3RdlLBUSYGJk8GtpzUvPSSDB8G5tKinBIGIZ+sxLJE/ZzEvHT94JKizLx0a6BxUmjGOUNodHsLgAzWEgZu/dLi1CL9xJTczDwAj6GcLcAAAAA=[0madmin
Running as SYSTEM
Building in workspace /var/jenkins_home/workspace/nodejs example app
The recommended git tool is: NONE
No credentials specified
 > git rev-parse --resolve-git-dir /var/jenkins_home/workspace/nodejs example app/.git # timeout=10
Fetching changes from the remote Git repository
 > git config remote.origin.url https://github.com/wardviaene/docker-demo.git # timeout=10
Fetching upstream changes from https://github.com/wardviaene/docker-demo.git
 > git --version # timeout=10
 > git --version # 'git version 2.30.2'
 > git fetch --tags --force --progress -- https://github.com/wardviaene/docker-demo.git +refs/heads/*:refs/remotes/origin/* # timeout=10
 > git rev-parse refs/remotes/origin/master^{commit} # timeout=10
Checking out Revision 60e6c11240f1e29dbef8df67a01ef580ce01cadf (refs/remotes/origin/master)
 > git config core.sparsecheckout # timeout=10
 > git checkout -f 60e6c11240f1e29dbef8df67a01ef580ce01cadf # timeout=10
Commit message: "node version bump to 12"
 > git rev-list --no-walk 60e6c11240f1e29dbef8df67a01ef580ce01cadf # timeout=10
[nodejs example app] $ /bin/sh -xe /tmp/jenkins10388214112271419979.sh
+ npm install
npm WARN old lockfile 
npm WARN old lockfile The package-lock.json file was created with an old version of npm,
npm WARN old lockfile so supplemental metadata must be fetched from the registry.
npm WARN old lockfile 
npm WARN old lockfile This is a one-time fix-up, please be patient...
npm WARN old lockfile 
npm WARN EBADENGINE Unsupported engine {
npm WARN EBADENGINE   package: 'myapp@0.0.1',
npm WARN EBADENGINE   required: { node: '^4.6.1' },
npm WARN EBADENGINE   current: { node: 'v16.9.1', npm: '7.21.1' }
npm WARN EBADENGINE }

up to date, audited 95 packages in 2s

3 low severity vulnerabilities

To address all issues (including breaking changes), run:
  npm audit fix --force

Run `npm audit` for details.
HttpMethod: POST
URL: https://sxw93304.live.dynatrace.com/api/v1/events/
Content-Type: application/json
Accept: application/json
Authorization: *****
Sending request to url: https://sxw93304.live.dynatrace.com/api/v1/events/
Response Code: HTTP/1.1 401 Unauthorized
ERROR: Build step failed with exception
hudson.AbortException: Fail: Status code 401 is not in the accepted range: 100:399
	at jenkins.plugins.http_request.HttpRequestExecution.responseCodeIsValid(HttpRequestExecution.java:414)
	at jenkins.plugins.http_request.HttpRequestExecution.processResponse(HttpRequestExecution.java:424)
	at jenkins.plugins.http_request.HttpRequestExecution.authAndRequest(HttpRequestExecution.java:329)
	at jenkins.plugins.http_request.HttpRequestExecution.call(HttpRequestExecution.java:260)
Caused: java.lang.IllegalStateException
	at jenkins.plugins.http_request.HttpRequestExecution.call(HttpRequestExecution.java:263)
	at jenkins.plugins.http_request.HttpRequestExecution.call(HttpRequestExecution.java:79)
	at hudson.remoting.LocalChannel.call(LocalChannel.java:46)
	at jenkins.plugins.http_request.HttpRequest.perform(HttpRequest.java:408)
	at hudson.tasks.BuildStepMonitor$1.perform(BuildStepMonitor.java:21)
	at hudson.model.AbstractBuild$AbstractBuildExecution.perform(AbstractBuild.java:808)
	at hudson.model.Build$BuildExecution.build(Build.java:199)
	at hudson.model.Build$BuildExecution.doRun(Build.java:164)
	at hudson.model.AbstractBuild$AbstractBuildExecution.run(AbstractBuild.java:516)
	at hudson.model.Run.execute(Run.java:1889)
	at hudson.model.FreeStyleBuild.run(FreeStyleBuild.java:43)
	at hudson.model.ResourceController.execute(ResourceController.java:100)
	at hudson.model.Executor.run(Executor.java:433)
Build step 'HTTP Request' marked build as failure
Finished: FAILURE
